<?xml version="1.0" encoding="UTF-8"?>
<Site BuildName="Win32-MSBuild"
	BuildStamp="20220921-2313-Experimental"
	Name="DESKTOP-1BN46EI"
	Generator="ctest-3.22.22022201-MSVC_2"
	CompilerName="C:/Program Files/Microsoft Visual Studio/2022/Community/VC/Tools/MSVC/14.31.31103/bin/Hostx86/x86/cl.exe"
	CompilerVersion="19.31.31104.0"
	OSName="Windows"
	Hostname="DESKTOP-1BN46EI"
	OSRelease=" Personal"
	OSVersion=" (Build 19044)"
	OSPlatform="AMD64"
	Is64Bits="1"
	VendorString="GenuineIntel"
	VendorID="Intel Corporation"
	FamilyID="6"
	ModelID="14"
	ProcessorCacheSize="-1"
	NumberOfLogicalCPU="8"
	NumberOfPhysicalCPU="4"
	TotalVirtualMemory="27100"
	TotalPhysicalMemory="16348"
	LogicalProcessorsPerPhysical="2"
	ProcessorClockFrequency="4200"
	>
	<Testing>
		<StartDateTime>Sep 22 01:13 V[NON-UTF-8-BYTE-0xE4]steuropa, sommartid</StartDateTime>
		<StartTestTime>1663802011</StartTestTime>
		<TestList/>
		<EndDateTime>Sep 22 01:13 V[NON-UTF-8-BYTE-0xE4]steuropa, sommartid</EndDateTime>
		<EndTestTime>1663802011</EndTestTime>
		<ElapsedMinutes>0</ElapsedMinutes>
	</Testing>
</Site>
